{"meta": {"format": 3, "version": "7.13.5", "timestamp": "2026-05-08T23:14:06.142349", "branch_coverage": false, "show_contexts": false}, "files": {"src/takit/__init__.py": {"executed_lines": [15, 22, 34, 45, 59, 60, 61, 70, 72], "summary": {"covered_lines": 9, "num_statements": 9, "percent_covered": 100.0, "percent_covered_display": "100", "missing_lines": 0, "excluded_lines": 0, "percent_statements_covered": 100.0, "percent_statements_covered_display": "100"}, "missing_lines": [], "excluded_lines": [], "functions": {"": {"executed_lines": [15, 22, 34, 45, 59, 60, 61, 70, 72], "summary": {"covered_lines": 9, "num_statements": 9, "percent_covered": 100.0, "percent_covered_display": "100", "missing_lines": 0, "excluded_lines": 0, "percent_statements_covered": 100.0, "percent_statements_covered_display": "100"}, "missing_lines": [], "excluded_lines": [], "start_line": 1}}, "classes": {"": {"executed_lines": [15, 22, 34, 45, 59, 60, 61, 70, 72], "summary": {"covered_lines": 9, "num_statements": 9, "percent_covered": 100.0, "percent_covered_display": "100", "missing_lines": 0, "excluded_lines": 0, "percent_statements_covered": 100.0, "percent_statements_covered_display": "100"}, "missing_lines": [], "excluded_lines": [], "start_line": 1}}}, "src/takit/_validate.py": {"executed_lines": [3, 6, 17, 18], "summary": {"covered_lines": 4, "num_statements": 4, "percent_covered": 100.0, "percent_covered_display": "100", "missing_lines": 0, "excluded_lines": 0, "percent_statements_covered": 100.0, "percent_statements_covered_display": "100"}, "missing_lines": [], "excluded_lines": [], "functions": {"_validate_period": {"executed_lines": [17, 18], "summary": {"covered_lines": 2, "num_statements": 2, "percent_covered": 100.0, "percent_covered_display": "100", "missing_lines": 0, "excluded_lines": 0, "percent_statements_covered": 100.0, "percent_statements_covered_display": "100"}, "missing_lines": [], "excluded_lines": [], "start_line": 6}, "": {"executed_lines": [3, 6], "summary": {"covered_lines": 2, "num_statements": 2, "percent_covered": 100.0, "percent_covered_display": "100", "missing_lines": 0, "excluded_lines": 0, "percent_statements_covered": 100.0, "percent_statements_covered_display": "100"}, "missing_lines": [], "excluded_lines": [], "start_line": 1}}, "classes": {"": {"executed_lines": [3, 6, 17, 18], "summary": {"covered_lines": 4, "num_statements": 4, "percent_covered": 100.0, "percent_covered_display": "100", "missing_lines": 0, "excluded_lines": 0, "percent_statements_covered": 100.0, "percent_statements_covered_display": "100"}, "missing_lines": [], "excluded_lines": [], "start_line": 1}}}, "src/takit/levels.py": {"executed_lines": [21, 23, 26, 55, 56, 58, 59, 60, 62, 63, 64, 66, 69, 100, 102, 103, 104, 105, 107, 108, 109, 110, 112, 126, 155, 156, 158, 159, 160, 162, 163, 164, 166, 179, 206, 207, 209, 210, 211, 212, 214, 225, 256, 257, 258, 261, 269, 270, 271, 273], "summary": {"covered_lines": 50, "num_statements": 50, "percent_covered": 100.0, "percent_covered_display": "100", "missing_lines": 0, "excluded_lines": 0, "percent_statements_covered": 100.0, "percent_statements_covered_display": "100"}, "missing_lines": [], "excluded_lines": [], "functions": {"pivot_points_floor": {"executed_lines": [55, 56, 58, 59, 60, 62, 63, 64, 66], "summary": {"covered_lines": 9, "num_statements": 9, "percent_covered": 100.0, "percent_covered_display": "100", "missing_lines": 0, "excluded_lines": 0, "percent_statements_covered": 100.0, "percent_statements_covered_display": "100"}, "missing_lines": [], "excluded_lines": [], "start_line": 26}, "pivot_points_camarilla": {"executed_lines": [100, 102, 103, 104, 105, 107, 108, 109, 110, 112], "summary": {"covered_lines": 10, "num_statements": 10, "percent_covered": 100.0, "percent_covered_display": "100", "missing_lines": 0, "excluded_lines": 0, "percent_statements_covered": 100.0, "percent_statements_covered_display": "100"}, "missing_lines": [], "excluded_lines": [], "start_line": 69}, "pivot_points_fibonacci": {"executed_lines": [155, 156, 158, 159, 160, 162, 163, 164, 166], "summary": {"covered_lines": 9, "num_statements": 9, "percent_covered": 100.0, "percent_covered_display": "100", "missing_lines": 0, "excluded_lines": 0, "percent_statements_covered": 100.0, "percent_statements_covered_display": "100"}, "missing_lines": [], "excluded_lines": [], "start_line": 126}, "pivot_points_woodie": {"executed_lines": [206, 207, 209, 210, 211, 212, 214], "summary": {"covered_lines": 7, "num_statements": 7, "percent_covered": 100.0, "percent_covered_display": "100", "missing_lines": 0, "excluded_lines": 0, "percent_statements_covered": 100.0, "percent_statements_covered_display": "100"}, "missing_lines": [], "excluded_lines": [], "start_line": 179}, "pivot_points_demark": {"executed_lines": [256, 257, 258, 261, 269, 270, 271, 273], "summary": {"covered_lines": 8, "num_statements": 8, "percent_covered": 100.0, "percent_covered_display": "100", "missing_lines": 0, "excluded_lines": 0, "percent_statements_covered": 100.0, "percent_statements_covered_display": "100"}, "missing_lines": [], "excluded_lines": [], "start_line": 225}, "": {"executed_lines": [21, 23, 26, 69, 126, 179, 225], "summary": {"covered_lines": 7, "num_statements": 7, "percent_covered": 100.0, "percent_covered_display": "100", "missing_lines": 0, "excluded_lines": 0, "percent_statements_covered": 100.0, "percent_statements_covered_display": "100"}, "missing_lines": [], "excluded_lines": [], "start_line": 1}}, "classes": {"": {"executed_lines": [21, 23, 26, 55, 56, 58, 59, 60, 62, 63, 64, 66, 69, 100, 102, 103, 104, 105, 107, 108, 109, 110, 112, 126, 155, 156, 158, 159, 160, 162, 163, 164, 166, 179, 206, 207, 209, 210, 211, 212, 214, 225, 256, 257, 258, 261, 269, 270, 271, 273], "summary": {"covered_lines": 50, "num_statements": 50, "percent_covered": 100.0, "percent_covered_display": "100", "missing_lines": 0, "excluded_lines": 0, "percent_statements_covered": 100.0, "percent_statements_covered_display": "100"}, "missing_lines": [], "excluded_lines": [], "start_line": 1}}}, "src/takit/momentum.py": {"executed_lines": [22, 24, 26, 27, 34, 60, 62, 65, 67, 69, 70, 72, 73, 76, 84, 110, 111, 113, 114, 116, 117, 118, 120, 130, 155, 156, 158, 159, 160, 162, 163, 165, 168, 169, 171, 179, 198, 200, 201, 202, 204, 205, 207, 210, 211, 219, 242, 244, 246, 250, 257, 258, 266, 285, 286, 289, 297, 321, 323, 324, 325, 326, 328, 329, 330, 333, 336, 340, 341, 343, 345, 353, 376, 378, 379, 380, 381, 383, 385, 386, 388, 389, 391, 399, 426, 427, 429, 430, 432, 433, 436, 444, 474, 475, 476, 478, 479, 480, 481, 484, 485, 487, 488, 490, 492, 493, 494, 496, 497, 498, 500], "summary": {"covered_lines": 111, "num_statements": 111, "percent_covered": 100.0, "percent_covered_display": "100", "missing_lines": 0, "excluded_lines": 0, "percent_statements_covered": 100.0, "percent_statements_covered_display": "100"}, "missing_lines": [], "excluded_lines": [], "functions": {"rsi": {"executed_lines": [60, 62, 65, 67, 69, 70, 72, 73, 76], "summary": {"covered_lines": 9, "num_statements": 9, "percent_covered": 100.0, "percent_covered_display": "100", "missing_lines": 0, "excluded_lines": 0, "percent_statements_covered": 100.0, "percent_statements_covered_display": "100"}, "missing_lines": [], "excluded_lines": [], "start_line": 34}, "macd": {"executed_lines": [110, 111, 113, 114, 116, 117, 118, 120], "summary": {"covered_lines": 8, "num_statements": 8, "percent_covered": 100.0, "percent_covered_display": "100", "missing_lines": 0, "excluded_lines": 0, "percent_statements_covered": 100.0, "percent_statements_covered_display": "100"}, "missing_lines": [], "excluded_lines": [], "start_line": 84}, "stochastic": {"executed_lines": [155, 156, 158, 159, 160, 162, 163, 165, 168, 169, 171], "summary": {"covered_lines": 11, "num_statements": 11, "percent_covered": 100.0, "percent_covered_display": "100", "missing_lines": 0, "excluded_lines": 0, "percent_statements_covered": 100.0, "percent_statements_covered_display": "100"}, "missing_lines": [], "excluded_lines": [], "start_line": 130}, "williams_r": {"executed_lines": [198, 200, 201, 202, 204, 205, 207, 210, 211], "summary": {"covered_lines": 9, "num_statements": 9, "percent_covered": 100.0, "percent_covered_display": "100", "missing_lines": 0, "excluded_lines": 0, "percent_statements_covered": 100.0, "percent_statements_covered_display": "100"}, "missing_lines": [], "excluded_lines": [], "start_line": 179}, "cci": {"executed_lines": [242, 244, 246, 250, 257, 258], "summary": {"covered_lines": 6, "num_statements": 6, "percent_covered": 100.0, "percent_covered_display": "100", "missing_lines": 0, "excluded_lines": 0, "percent_statements_covered": 100.0, "percent_statements_covered_display": "100"}, "missing_lines": [], "excluded_lines": [], "start_line": 219}, "roc": {"executed_lines": [285, 286, 289], "summary": {"covered_lines": 3, "num_statements": 3, "percent_covered": 100.0, "percent_covered_display": "100", "missing_lines": 0, "excluded_lines": 0, "percent_statements_covered": 100.0, "percent_statements_covered_display": "100"}, "missing_lines": [], "excluded_lines": [], "start_line": 266}, "mfi": {"executed_lines": [321, 323, 324, 325, 326, 328, 329, 330, 333, 336, 340, 341, 343, 345], "summary": {"covered_lines": 14, "num_statements": 14, "percent_covered": 100.0, "percent_covered_display": "100", "missing_lines": 0, "excluded_lines": 0, "percent_statements_covered": 100.0, "percent_statements_covered_display": "100"}, "missing_lines": [], "excluded_lines": [], "start_line": 297}, "cmf": {"executed_lines": [376, 378, 379, 380, 381, 383, 385, 386, 388, 389, 391], "summary": {"covered_lines": 11, "num_statements": 11, "percent_covered": 100.0, "percent_covered_display": "100", "missing_lines": 0, "excluded_lines": 0, "percent_statements_covered": 100.0, "percent_statements_covered_display": "100"}, "missing_lines": [], "excluded_lines": [], "start_line": 353}, "tsi": {"executed_lines": [426, 427, 429, 430, 432, 433, 436], "summary": {"covered_lines": 7, "num_statements": 7, "percent_covered": 100.0, "percent_covered_display": "100", "missing_lines": 0, "excluded_lines": 0, "percent_statements_covered": 100.0, "percent_statements_covered_display": "100"}, "missing_lines": [], "excluded_lines": [], "start_line": 399}, "ultimate_oscillator": {"executed_lines": [474, 475, 476, 478, 479, 480, 481, 484, 485, 487, 488, 490, 496, 497, 498, 500], "summary": {"covered_lines": 16, "num_statements": 16, "percent_covered": 100.0, "percent_covered_display": "100", "missing_lines": 0, "excluded_lines": 0, "percent_statements_covered": 100.0, "percent_statements_covered_display": "100"}, "missing_lines": [], "excluded_lines": [], "start_line": 444}, "ultimate_oscillator._avg": {"executed_lines": [492, 493, 494], "summary": {"covered_lines": 3, "num_statements": 3, "percent_covered": 100.0, "percent_covered_display": "100", "missing_lines": 0, "excluded_lines": 0, "percent_statements_covered": 100.0, "percent_statements_covered_display": "100"}, "missing_lines": [], "excluded_lines": [], "start_line": 490}, "": {"executed_lines": [22, 24, 26, 27, 34, 84, 130, 179, 219, 266, 297, 353, 399, 444], "summary": {"covered_lines": 14, "num_statements": 14, "percent_covered": 100.0, "percent_covered_display": "100", "missing_lines": 0, "excluded_lines": 0, "percent_statements_covered": 100.0, "percent_statements_covered_display": "100"}, "missing_lines": [], "excluded_lines": [], "start_line": 1}}, "classes": {"": {"executed_lines": [22, 24, 26, 27, 34, 60, 62, 65, 67, 69, 70, 72, 73, 76, 84, 110, 111, 113, 114, 116, 117, 118, 120, 130, 155, 156, 158, 159, 160, 162, 163, 165, 168, 169, 171, 179, 198, 200, 201, 202, 204, 205, 207, 210, 211, 219, 242, 244, 246, 250, 257, 258, 266, 285, 286, 289, 297, 321, 323, 324, 325, 326, 328, 329, 330, 333, 336, 340, 341, 343, 345, 353, 376, 378, 379, 380, 381, 383, 385, 386, 388, 389, 391, 399, 426, 427, 429, 430, 432, 433, 436, 444, 474, 475, 476, 478, 479, 480, 481, 484, 485, 487, 488, 490, 492, 493, 494, 496, 497, 498, 500], "summary": {"covered_lines": 111, "num_statements": 111, "percent_covered": 100.0, "percent_covered_display": "100", "missing_lines": 0, "excluded_lines": 0, "percent_statements_covered": 100.0, "percent_statements_covered_display": "100"}, "missing_lines": [], "excluded_lines": [], "start_line": 1}}}, "src/takit/moving_averages.py": {"executed_lines": [21, 23, 24, 26, 28, 35, 51, 52, 60, 77, 78, 79, 91, 111, 113, 114, 120, 124, 132, 149, 150, 151, 163, 183, 184, 185, 186, 194, 215, 216, 217, 218, 219, 227, 249, 251, 252, 255, 257, 265, 288, 290, 291, 294, 302, 326, 328, 329, 332, 333, 337, 338, 340, 341, 342, 348, 349, 351], "summary": {"covered_lines": 58, "num_statements": 61, "percent_covered": 95.08196721311475, "percent_covered_display": "95", "missing_lines": 3, "excluded_lines": 0, "percent_statements_covered": 95.08196721311475, "percent_statements_covered_display": "95"}, "missing_lines": [335, 344, 345], "excluded_lines": [], "functions": {"sma": {"executed_lines": [51, 52], "summary": {"covered_lines": 2, "num_statements": 2, "percent_covered": 100.0, "percent_covered_display": "100", "missing_lines": 0, "excluded_lines": 0, "percent_statements_covered": 100.0, "percent_statements_covered_display": "100"}, "missing_lines": [], "excluded_lines": [], "start_line": 35}, "ema": {"executed_lines": [77, 78, 79], "summary": {"covered_lines": 3, "num_statements": 3, "percent_covered": 100.0, "percent_covered_display": "100", "missing_lines": 0, "excluded_lines": 0, "percent_statements_covered": 100.0, "percent_statements_covered_display": "100"}, "missing_lines": [], "excluded_lines": [], "start_line": 60}, "wma": {"executed_lines": [111, 113, 114, 120, 124], "summary": {"covered_lines": 5, "num_statements": 5, "percent_covered": 100.0, "percent_covered_display": "100", "missing_lines": 0, "excluded_lines": 0, "percent_statements_covered": 100.0, "percent_statements_covered_display": "100"}, "missing_lines": [], "excluded_lines": [], "start_line": 91}, "wilder_smooth": {"executed_lines": [149, 150, 151], "summary": {"covered_lines": 3, "num_statements": 3, "percent_covered": 100.0, "percent_covered_display": "100", "missing_lines": 0, "excluded_lines": 0, "percent_statements_covered": 100.0, "percent_statements_covered_display": "100"}, "missing_lines": [], "excluded_lines": [], "start_line": 132}, "dema": {"executed_lines": [183, 184, 185, 186], "summary": {"covered_lines": 4, "num_statements": 4, "percent_covered": 100.0, "percent_covered_display": "100", "missing_lines": 0, "excluded_lines": 0, "percent_statements_covered": 100.0, "percent_statements_covered_display": "100"}, "missing_lines": [], "excluded_lines": [], "start_line": 163}, "tema": {"executed_lines": [215, 216, 217, 218, 219], "summary": {"covered_lines": 5, "num_statements": 5, "percent_covered": 100.0, "percent_covered_display": "100", "missing_lines": 0, "excluded_lines": 0, "percent_statements_covered": 100.0, "percent_statements_covered_display": "100"}, "missing_lines": [], "excluded_lines": [], "start_line": 194}, "hma": {"executed_lines": [249, 251, 252, 255, 257], "summary": {"covered_lines": 5, "num_statements": 5, "percent_covered": 100.0, "percent_covered_display": "100", "missing_lines": 0, "excluded_lines": 0, "percent_statements_covered": 100.0, "percent_statements_covered_display": "100"}, "missing_lines": [], "excluded_lines": [], "start_line": 227}, "vwma": {"executed_lines": [288, 290, 291, 294], "summary": {"covered_lines": 4, "num_statements": 4, "percent_covered": 100.0, "percent_covered_display": "100", "missing_lines": 0, "excluded_lines": 0, "percent_statements_covered": 100.0, "percent_statements_covered_display": "100"}, "missing_lines": [], "excluded_lines": [], "start_line": 265}, "mcginley_dynamic": {"executed_lines": [326, 328, 329, 332, 333, 337, 338, 340, 341, 342, 348, 349, 351], "summary": {"covered_lines": 13, "num_statements": 16, "percent_covered": 81.25, "percent_covered_display": "81", "missing_lines": 3, "excluded_lines": 0, "percent_statements_covered": 81.25, "percent_statements_covered_display": "81"}, "missing_lines": [335, 344, 345], "excluded_lines": [], "start_line": 302}, "": {"executed_lines": [21, 23, 24, 26, 28, 35, 60, 91, 132, 163, 194, 227, 265, 302], "summary": {"covered_lines": 14, "num_statements": 14, "percent_covered": 100.0, "percent_covered_display": "100", "missing_lines": 0, "excluded_lines": 0, "percent_statements_covered": 100.0, "percent_statements_covered_display": "100"}, "missing_lines": [], "excluded_lines": [], "start_line": 1}}, "classes": {"": {"executed_lines": [21, 23, 24, 26, 28, 35, 51, 52, 60, 77, 78, 79, 91, 111, 113, 114, 120, 124, 132, 149, 150, 151, 163, 183, 184, 185, 186, 194, 215, 216, 217, 218, 219, 227, 249, 251, 252, 255, 257, 265, 288, 290, 291, 294, 302, 326, 328, 329, 332, 333, 337, 338, 340, 341, 342, 348, 349, 351], "summary": {"covered_lines": 58, "num_statements": 61, "percent_covered": 95.08196721311475, "percent_covered_display": "95", "missing_lines": 3, "excluded_lines": 0, "percent_statements_covered": 95.08196721311475, "percent_statements_covered_display": "95"}, "missing_lines": [335, 344, 345], "excluded_lines": [], "start_line": 1}}}, "src/takit/patterns.py": {"executed_lines": [28, 30, 37, 39, 42, 44, 47, 49, 52, 54, 57, 76, 77, 78, 86, 104, 105, 107, 108, 111, 113, 116, 133, 134, 136, 137, 139, 141, 149, 172, 173, 177, 180, 182, 183, 185, 188, 211, 212, 215, 219, 221, 222, 224, 232, 246, 247, 249, 250, 258, 273, 274, 276, 277, 285, 306, 307, 308, 309, 312, 313, 314, 315, 316, 317, 318, 319, 322, 323, 324, 327, 328, 332, 333, 336, 337, 338, 340, 352, 355, 377, 378, 379, 380, 382, 383, 384, 385, 386, 387, 388, 389, 392, 393, 394, 397, 398, 402, 403, 406, 407, 408, 410, 422, 430, 455, 456, 457, 458, 461, 462, 463, 464, 467, 468, 469, 470, 473, 474, 475, 476, 479, 480, 481, 482, 485, 486, 487, 488, 491, 492, 494, 495, 498, 523, 524, 525, 526, 529, 530, 531, 532, 535, 536, 537, 538, 541, 542, 543, 544, 547, 548, 549, 550, 553, 554, 555, 556, 559, 560, 562, 563, 571, 590, 591, 594, 597, 602, 604, 607, 626, 627, 630, 633, 638, 640], "summary": {"covered_lines": 176, "num_statements": 176, "percent_covered": 100.0, "percent_covered_display": "100", "missing_lines": 0, "excluded_lines": 0, "percent_statements_covered": 100.0, "percent_statements_covered_display": "100"}, "missing_lines": [], "excluded_lines": [], "functions": {"_body": {"executed_lines": [39], "summary": {"covered_lines": 1, "num_statements": 1, "percent_covered": 100.0, "percent_covered_display": "100", "missing_lines": 0, "excluded_lines": 0, "percent_statements_covered": 100.0, "percent_statements_covered_display": "100"}, "missing_lines": [], "excluded_lines": [], "start_line": 37}, "_range": {"executed_lines": [44], "summary": {"covered_lines": 1, "num_statements": 1, "percent_covered": 100.0, "percent_covered_display": "100", "missing_lines": 0, "excluded_lines": 0, "percent_statements_covered": 100.0, "percent_statements_covered_display": "100"}, "missing_lines": [], "excluded_lines": [], "start_line": 42}, "_is_bullish": {"executed_lines": [49], "summary": {"covered_lines": 1, "num_statements": 1, "percent_covered": 100.0, "percent_covered_display": "100", "missing_lines": 0, "excluded_lines": 0, "percent_statements_covered": 100.0, "percent_statements_covered_display": "100"}, "missing_lines": [], "excluded_lines": [], "start_line": 47}, "_is_bearish": {"executed_lines": [54], "summary": {"covered_lines": 1, "num_statements": 1, "percent_covered": 100.0, "percent_covered_display": "100", "missing_lines": 0, "excluded_lines": 0, "percent_statements_covered": 100.0, "percent_statements_covered_display": "100"}, "missing_lines": [], "excluded_lines": [], "start_line": 52}, "_big_body": {"executed_lines": [76, 77, 78], "summary": {"covered_lines": 3, "num_statements": 3, "percent_covered": 100.0, "percent_covered_display": "100", "missing_lines": 0, "excluded_lines": 0, "percent_statements_covered": 100.0, "percent_statements_covered_display": "100"}, "missing_lines": [], "excluded_lines": [], "start_line": 57}, "is_bullish_engulfing": {"executed_lines": [104, 105, 107, 108, 111, 113], "summary": {"covered_lines": 6, "num_statements": 6, "percent_covered": 100.0, "percent_covered_display": "100", "missing_lines": 0, "excluded_lines": 0, "percent_statements_covered": 100.0, "percent_statements_covered_display": "100"}, "missing_lines": [], "excluded_lines": [], "start_line": 86}, "is_bearish_engulfing": {"executed_lines": [133, 134, 136, 137, 139, 141], "summary": {"covered_lines": 6, "num_statements": 6, "percent_covered": 100.0, "percent_covered_display": "100", "missing_lines": 0, "excluded_lines": 0, "percent_statements_covered": 100.0, "percent_statements_covered_display": "100"}, "missing_lines": [], "excluded_lines": [], "start_line": 116}, "is_pin_bar_bullish": {"executed_lines": [172, 173, 177, 180, 182, 183, 185], "summary": {"covered_lines": 7, "num_statements": 7, "percent_covered": 100.0, "percent_covered_display": "100", "missing_lines": 0, "excluded_lines": 0, "percent_statements_covered": 100.0, "percent_statements_covered_display": "100"}, "missing_lines": [], "excluded_lines": [], "start_line": 149}, "is_pin_bar_bearish": {"executed_lines": [211, 212, 215, 219, 221, 222, 224], "summary": {"covered_lines": 7, "num_statements": 7, "percent_covered": 100.0, "percent_covered_display": "100", "missing_lines": 0, "excluded_lines": 0, "percent_statements_covered": 100.0, "percent_statements_covered_display": "100"}, "missing_lines": [], "excluded_lines": [], "start_line": 188}, "is_inside_bar": {"executed_lines": [246, 247, 249, 250], "summary": {"covered_lines": 4, "num_statements": 4, "percent_covered": 100.0, "percent_covered_display": "100", "missing_lines": 0, "excluded_lines": 0, "percent_statements_covered": 100.0, "percent_statements_covered_display": "100"}, "missing_lines": [], "excluded_lines": [], "start_line": 232}, "is_doji": {"executed_lines": [273, 274, 276, 277], "summary": {"covered_lines": 4, "num_statements": 4, "percent_covered": 100.0, "percent_covered_display": "100", "missing_lines": 0, "excluded_lines": 0, "percent_statements_covered": 100.0, "percent_statements_covered_display": "100"}, "missing_lines": [], "excluded_lines": [], "start_line": 258}, "is_three_white_soldiers": {"executed_lines": [306, 307, 308, 309, 312, 313, 314, 315, 316, 317, 318, 319, 322, 323, 324, 327, 328, 332, 333, 336, 337, 338, 340, 352], "summary": {"covered_lines": 24, "num_statements": 24, "percent_covered": 100.0, "percent_covered_display": "100", "missing_lines": 0, "excluded_lines": 0, "percent_statements_covered": 100.0, "percent_statements_covered_display": "100"}, "missing_lines": [], "excluded_lines": [], "start_line": 285}, "is_three_black_crows": {"executed_lines": [377, 378, 379, 380, 382, 383, 384, 385, 386, 387, 388, 389, 392, 393, 394, 397, 398, 402, 403, 406, 407, 408, 410, 422], "summary": {"covered_lines": 24, "num_statements": 24, "percent_covered": 100.0, "percent_covered_display": "100", "missing_lines": 0, "excluded_lines": 0, "percent_statements_covered": 100.0, "percent_statements_covered_display": "100"}, "missing_lines": [], "excluded_lines": [], "start_line": 355}, "is_morning_star": {"executed_lines": [455, 456, 457, 458, 461, 462, 463, 464, 467, 468, 469, 470, 473, 474, 475, 476, 479, 480, 481, 482, 485, 486, 487, 488, 491, 492, 494, 495], "summary": {"covered_lines": 28, "num_statements": 28, "percent_covered": 100.0, "percent_covered_display": "100", "missing_lines": 0, "excluded_lines": 0, "percent_statements_covered": 100.0, "percent_statements_covered_display": "100"}, "missing_lines": [], "excluded_lines": [], "start_line": 430}, "is_evening_star": {"executed_lines": [523, 524, 525, 526, 529, 530, 531, 532, 535, 536, 537, 538, 541, 542, 543, 544, 547, 548, 549, 550, 553, 554, 555, 556, 559, 560, 562, 563], "summary": {"covered_lines": 28, "num_statements": 28, "percent_covered": 100.0, "percent_covered_display": "100", "missing_lines": 0, "excluded_lines": 0, "percent_statements_covered": 100.0, "percent_statements_covered_display": "100"}, "missing_lines": [], "excluded_lines": [], "start_line": 498}, "is_bullish_harami": {"executed_lines": [590, 591, 594, 597, 602, 604], "summary": {"covered_lines": 6, "num_statements": 6, "percent_covered": 100.0, "percent_covered_display": "100", "missing_lines": 0, "excluded_lines": 0, "percent_statements_covered": 100.0, "percent_statements_covered_display": "100"}, "missing_lines": [], "excluded_lines": [], "start_line": 571}, "is_bearish_harami": {"executed_lines": [626, 627, 630, 633, 638, 640], "summary": {"covered_lines": 6, "num_statements": 6, "percent_covered": 100.0, "percent_covered_display": "100", "missing_lines": 0, "excluded_lines": 0, "percent_statements_covered": 100.0, "percent_statements_covered_display": "100"}, "missing_lines": [], "excluded_lines": [], "start_line": 607}, "": {"executed_lines": [28, 30, 37, 42, 47, 52, 57, 86, 116, 149, 188, 232, 258, 285, 355, 430, 498, 571, 607], "summary": {"covered_lines": 19, "num_statements": 19, "percent_covered": 100.0, "percent_covered_display": "100", "missing_lines": 0, "excluded_lines": 0, "percent_statements_covered": 100.0, "percent_statements_covered_display": "100"}, "missing_lines": [], "excluded_lines": [], "start_line": 1}}, "classes": {"": {"executed_lines": [28, 30, 37, 39, 42, 44, 47, 49, 52, 54, 57, 76, 77, 78, 86, 104, 105, 107, 108, 111, 113, 116, 133, 134, 136, 137, 139, 141, 149, 172, 173, 177, 180, 182, 183, 185, 188, 211, 212, 215, 219, 221, 222, 224, 232, 246, 247, 249, 250, 258, 273, 274, 276, 277, 285, 306, 307, 308, 309, 312, 313, 314, 315, 316, 317, 318, 319, 322, 323, 324, 327, 328, 332, 333, 336, 337, 338, 340, 352, 355, 377, 378, 379, 380, 382, 383, 384, 385, 386, 387, 388, 389, 392, 393, 394, 397, 398, 402, 403, 406, 407, 408, 410, 422, 430, 455, 456, 457, 458, 461, 462, 463, 464, 467, 468, 469, 470, 473, 474, 475, 476, 479, 480, 481, 482, 485, 486, 487, 488, 491, 492, 494, 495, 498, 523, 524, 525, 526, 529, 530, 531, 532, 535, 536, 537, 538, 541, 542, 543, 544, 547, 548, 549, 550, 553, 554, 555, 556, 559, 560, 562, 563, 571, 590, 591, 594, 597, 602, 604, 607, 626, 627, 630, 633, 638, 640], "summary": {"covered_lines": 176, "num_statements": 176, "percent_covered": 100.0, "percent_covered_display": "100", "missing_lines": 0, "excluded_lines": 0, "percent_statements_covered": 100.0, "percent_statements_covered_display": "100"}, "missing_lines": [], "excluded_lines": [], "start_line": 1}}}, "src/takit/trend.py": {"executed_lines": [12, 14, 16, 17, 18, 21, 40, 42, 43, 44, 46, 60, 87, 89, 90, 93, 94, 97, 102, 109, 110, 111, 113, 114, 116, 117, 119, 121, 123, 137, 179, 181, 182, 183, 184, 186, 187, 188, 191, 192, 194, 195, 197, 199, 200, 201, 203, 205, 206, 208, 210, 216, 223, 224, 225, 227, 228, 230, 243, 276, 277, 278, 279, 281, 282, 284, 293, 294, 295, 296, 298, 300, 303, 304, 306, 309, 310, 311, 312, 313, 314, 315, 316, 317, 318, 321, 322, 323, 324, 325, 326, 328, 329, 331], "summary": {"covered_lines": 94, "num_statements": 95, "percent_covered": 98.94736842105263, "percent_covered_display": "99", "missing_lines": 1, "excluded_lines": 0, "percent_statements_covered": 98.94736842105263, "percent_statements_covered_display": "99"}, "missing_lines": [285], "excluded_lines": [], "functions": {"donchian_channels": {"executed_lines": [40, 42, 43, 44, 46], "summary": {"covered_lines": 5, "num_statements": 5, "percent_covered": 100.0, "percent_covered_display": "100", "missing_lines": 0, "excluded_lines": 0, "percent_statements_covered": 100.0, "percent_statements_covered_display": "100"}, "missing_lines": [], "excluded_lines": [], "start_line": 21}, "adx": {"executed_lines": [87, 89, 90, 93, 94, 97, 102, 109, 110, 111, 113, 114, 116, 117, 119, 121, 123], "summary": {"covered_lines": 17, "num_statements": 17, "percent_covered": 100.0, "percent_covered_display": "100", "missing_lines": 0, "excluded_lines": 0, "percent_statements_covered": 100.0, "percent_statements_covered_display": "100"}, "missing_lines": [], "excluded_lines": [], "start_line": 60}, "supertrend": {"executed_lines": [179, 181, 182, 183, 184, 186, 187, 188, 191, 192, 194, 195, 197, 199, 200, 201, 203, 205, 206, 208, 210, 216, 223, 224, 225, 227, 228, 230], "summary": {"covered_lines": 28, "num_statements": 28, "percent_covered": 100.0, "percent_covered_display": "100", "missing_lines": 0, "excluded_lines": 0, "percent_statements_covered": 100.0, "percent_statements_covered_display": "100"}, "missing_lines": [], "excluded_lines": [], "start_line": 137}, "parabolic_sar": {"executed_lines": [276, 277, 278, 279, 281, 282, 284, 293, 294, 295, 296, 298, 300, 303, 304, 306, 309, 310, 311, 312, 313, 314, 315, 316, 317, 318, 321, 322, 323, 324, 325, 326, 328, 329, 331], "summary": {"covered_lines": 35, "num_statements": 36, "percent_covered": 97.22222222222223, "percent_covered_display": "97", "missing_lines": 1, "excluded_lines": 0, "percent_statements_covered": 97.22222222222223, "percent_statements_covered_display": "97"}, "missing_lines": [285], "excluded_lines": [], "start_line": 243}, "": {"executed_lines": [12, 14, 16, 17, 18, 21, 60, 137, 243], "summary": {"covered_lines": 9, "num_statements": 9, "percent_covered": 100.0, "percent_covered_display": "100", "missing_lines": 0, "excluded_lines": 0, "percent_statements_covered": 100.0, "percent_statements_covered_display": "100"}, "missing_lines": [], "excluded_lines": [], "start_line": 1}}, "classes": {"": {"executed_lines": [12, 14, 16, 17, 18, 21, 40, 42, 43, 44, 46, 60, 87, 89, 90, 93, 94, 97, 102, 109, 110, 111, 113, 114, 116, 117, 119, 121, 123, 137, 179, 181, 182, 183, 184, 186, 187, 188, 191, 192, 194, 195, 197, 199, 200, 201, 203, 205, 206, 208, 210, 216, 223, 224, 225, 227, 228, 230, 243, 276, 277, 278, 279, 281, 282, 284, 293, 294, 295, 296, 298, 300, 303, 304, 306, 309, 310, 311, 312, 313, 314, 315, 316, 317, 318, 321, 322, 323, 324, 325, 326, 328, 329, 331], "summary": {"covered_lines": 94, "num_statements": 95, "percent_covered": 98.94736842105263, "percent_covered_display": "99", "missing_lines": 1, "excluded_lines": 0, "percent_statements_covered": 98.94736842105263, "percent_statements_covered_display": "99"}, "missing_lines": [285], "excluded_lines": [], "start_line": 1}}}, "src/takit/utils.py": {"executed_lines": [12, 14, 16, 19, 47, 70, 86], "summary": {"covered_lines": 7, "num_statements": 17, "percent_covered": 41.1764705882353, "percent_covered_display": "41", "missing_lines": 10, "excluded_lines": 0, "percent_statements_covered": 41.1764705882353, "percent_statements_covered_display": "41"}, "missing_lines": [38, 40, 43, 44, 64, 65, 66, 67, 83, 98], "excluded_lines": [], "functions": {"crossover": {"executed_lines": [], "summary": {"covered_lines": 0, "num_statements": 4, "percent_covered": 0.0, "percent_covered_display": "0", "missing_lines": 4, "excluded_lines": 0, "percent_statements_covered": 0.0, "percent_statements_covered_display": "0"}, "missing_lines": [38, 40, 43, 44], "excluded_lines": [], "start_line": 19}, "crossunder": {"executed_lines": [], "summary": {"covered_lines": 0, "num_statements": 4, "percent_covered": 0.0, "percent_covered_display": "0", "missing_lines": 4, "excluded_lines": 0, "percent_statements_covered": 0.0, "percent_statements_covered_display": "0"}, "missing_lines": [64, 65, 66, 67], "excluded_lines": [], "start_line": 47}, "log_returns": {"executed_lines": [], "summary": {"covered_lines": 0, "num_statements": 1, "percent_covered": 0.0, "percent_covered_display": "0", "missing_lines": 1, "excluded_lines": 0, "percent_statements_covered": 0.0, "percent_statements_covered_display": "0"}, "missing_lines": [83], "excluded_lines": [], "start_line": 70}, "simple_returns": {"executed_lines": [], "summary": {"covered_lines": 0, "num_statements": 1, "percent_covered": 0.0, "percent_covered_display": "0", "missing_lines": 1, "excluded_lines": 0, "percent_statements_covered": 0.0, "percent_statements_covered_display": "0"}, "missing_lines": [98], "excluded_lines": [], "start_line": 86}, "": {"executed_lines": [12, 14, 16, 19, 47, 70, 86], "summary": {"covered_lines": 7, "num_statements": 7, "percent_covered": 100.0, "percent_covered_display": "100", "missing_lines": 0, "excluded_lines": 0, "percent_statements_covered": 100.0, "percent_statements_covered_display": "100"}, "missing_lines": [], "excluded_lines": [], "start_line": 1}}, "classes": {"": {"executed_lines": [12, 14, 16, 19, 47, 70, 86], "summary": {"covered_lines": 7, "num_statements": 17, "percent_covered": 41.1764705882353, "percent_covered_display": "41", "missing_lines": 10, "excluded_lines": 0, "percent_statements_covered": 41.1764705882353, "percent_statements_covered_display": "41"}, "missing_lines": [38, 40, 43, 44, 64, 65, 66, 67, 83, 98], "excluded_lines": [], "start_line": 1}}}, "src/takit/volatility.py": {"executed_lines": [19, 21, 23, 25, 26, 33, 51, 52, 53, 54, 56, 74, 91, 92, 93, 101, 125, 127, 128, 130, 131, 133, 135, 137, 139, 155, 183, 184, 186, 187, 189, 190, 192, 200, 225, 226, 228, 229, 233, 245, 273, 275, 276, 278, 279, 281, 289, 314, 316, 319, 320, 322], "summary": {"covered_lines": 52, "num_statements": 52, "percent_covered": 100.0, "percent_covered_display": "100", "missing_lines": 0, "excluded_lines": 0, "percent_statements_covered": 100.0, "percent_statements_covered_display": "100"}, "missing_lines": [], "excluded_lines": [], "functions": {"true_range": {"executed_lines": [51, 52, 53, 54, 56], "summary": {"covered_lines": 5, "num_statements": 5, "percent_covered": 100.0, "percent_covered_display": "100", "missing_lines": 0, "excluded_lines": 0, "percent_statements_covered": 100.0, "percent_statements_covered_display": "100"}, "missing_lines": [], "excluded_lines": [], "start_line": 33}, "atr": {"executed_lines": [91, 92, 93], "summary": {"covered_lines": 3, "num_statements": 3, "percent_covered": 100.0, "percent_covered_display": "100", "missing_lines": 0, "excluded_lines": 0, "percent_statements_covered": 100.0, "percent_statements_covered_display": "100"}, "missing_lines": [], "excluded_lines": [], "start_line": 74}, "bollinger_bands": {"executed_lines": [125, 127, 128, 130, 131, 133, 135, 137, 139], "summary": {"covered_lines": 9, "num_statements": 9, "percent_covered": 100.0, "percent_covered_display": "100", "missing_lines": 0, "excluded_lines": 0, "percent_statements_covered": 100.0, "percent_statements_covered_display": "100"}, "missing_lines": [], "excluded_lines": [], "start_line": 101}, "keltner_channels": {"executed_lines": [183, 184, 186, 187, 189, 190, 192], "summary": {"covered_lines": 7, "num_statements": 7, "percent_covered": 100.0, "percent_covered_display": "100", "missing_lines": 0, "excluded_lines": 0, "percent_statements_covered": 100.0, "percent_statements_covered_display": "100"}, "missing_lines": [], "excluded_lines": [], "start_line": 155}, "chaikin_volatility": {"executed_lines": [225, 226, 228, 229, 233], "summary": {"covered_lines": 5, "num_statements": 5, "percent_covered": 100.0, "percent_covered_display": "100", "missing_lines": 0, "excluded_lines": 0, "percent_statements_covered": 100.0, "percent_statements_covered_display": "100"}, "missing_lines": [], "excluded_lines": [], "start_line": 200}, "historical_volatility": {"executed_lines": [273, 275, 276, 278, 279, 281], "summary": {"covered_lines": 6, "num_statements": 6, "percent_covered": 100.0, "percent_covered_display": "100", "missing_lines": 0, "excluded_lines": 0, "percent_statements_covered": 100.0, "percent_statements_covered_display": "100"}, "missing_lines": [], "excluded_lines": [], "start_line": 245}, "ulcer_index": {"executed_lines": [314, 316, 319, 320, 322], "summary": {"covered_lines": 5, "num_statements": 5, "percent_covered": 100.0, "percent_covered_display": "100", "missing_lines": 0, "excluded_lines": 0, "percent_statements_covered": 100.0, "percent_statements_covered_display": "100"}, "missing_lines": [], "excluded_lines": [], "start_line": 289}, "": {"executed_lines": [19, 21, 23, 25, 26, 33, 74, 101, 155, 200, 245, 289], "summary": {"covered_lines": 12, "num_statements": 12, "percent_covered": 100.0, "percent_covered_display": "100", "missing_lines": 0, "excluded_lines": 0, "percent_statements_covered": 100.0, "percent_statements_covered_display": "100"}, "missing_lines": [], "excluded_lines": [], "start_line": 1}}, "classes": {"": {"executed_lines": [19, 21, 23, 25, 26, 33, 51, 52, 53, 54, 56, 74, 91, 92, 93, 101, 125, 127, 128, 130, 131, 133, 135, 137, 139, 155, 183, 184, 186, 187, 189, 190, 192, 200, 225, 226, 228, 229, 233, 245, 273, 275, 276, 278, 279, 281, 289, 314, 316, 319, 320, 322], "summary": {"covered_lines": 52, "num_statements": 52, "percent_covered": 100.0, "percent_covered_display": "100", "missing_lines": 0, "excluded_lines": 0, "percent_statements_covered": 100.0, "percent_statements_covered_display": "100"}, "missing_lines": [], "excluded_lines": [], "start_line": 1}}}, "src/takit/volume.py": {"executed_lines": [11, 13, 15, 18, 46, 47, 48, 49, 51, 52, 55, 56, 59, 64, 68, 69, 70, 72, 73, 74, 76, 77, 78, 79, 80, 81, 83, 85, 88, 115, 116, 117, 118, 120, 121, 122, 124, 131, 132, 133, 134, 136, 137, 138, 213, 234, 235, 237, 241, 250], "summary": {"covered_lines": 50, "num_statements": 84, "percent_covered": 59.523809523809526, "percent_covered_display": "60", "missing_lines": 34, "excluded_lines": 0, "percent_statements_covered": 59.523809523809526, "percent_statements_covered_display": "60"}, "missing_lines": [125, 126, 155, 156, 157, 158, 160, 161, 162, 163, 164, 166, 167, 168, 170, 171, 172, 173, 174, 176, 177, 178, 180, 181, 183, 184, 186, 187, 189, 190, 191, 192, 193, 195], "excluded_lines": [], "functions": {"vwap": {"executed_lines": [46, 47, 48, 49, 51, 52, 55, 56, 59, 64, 68, 69, 70, 72, 73, 74, 76, 77, 78, 79, 80, 81, 83, 85], "summary": {"covered_lines": 24, "num_statements": 24, "percent_covered": 100.0, "percent_covered_display": "100", "missing_lines": 0, "excluded_lines": 0, "percent_statements_covered": 100.0, "percent_statements_covered_display": "100"}, "missing_lines": [], "excluded_lines": [], "start_line": 18}, "vwap_bands": {"executed_lines": [115, 116, 117, 118, 120, 121, 122, 124, 131, 132, 133, 134, 136, 137, 138], "summary": {"covered_lines": 15, "num_statements": 49, "percent_covered": 30.612244897959183, "percent_covered_display": "31", "missing_lines": 34, "excluded_lines": 0, "percent_statements_covered": 30.612244897959183, "percent_statements_covered_display": "31"}, "missing_lines": [125, 126, 155, 156, 157, 158, 160, 161, 162, 163, 164, 166, 167, 168, 170, 171, 172, 173, 174, 176, 177, 178, 180, 181, 183, 184, 186, 187, 189, 190, 191, 192, 193, 195], "excluded_lines": [], "start_line": 88}, "obv": {"executed_lines": [234, 235, 237, 241, 250], "summary": {"covered_lines": 5, "num_statements": 5, "percent_covered": 100.0, "percent_covered_display": "100", "missing_lines": 0, "excluded_lines": 0, "percent_statements_covered": 100.0, "percent_statements_covered_display": "100"}, "missing_lines": [], "excluded_lines": [], "start_line": 213}, "": {"executed_lines": [11, 13, 15, 18, 88, 213], "summary": {"covered_lines": 6, "num_statements": 6, "percent_covered": 100.0, "percent_covered_display": "100", "missing_lines": 0, "excluded_lines": 0, "percent_statements_covered": 100.0, "percent_statements_covered_display": "100"}, "missing_lines": [], "excluded_lines": [], "start_line": 1}}, "classes": {"": {"executed_lines": [11, 13, 15, 18, 46, 47, 48, 49, 51, 52, 55, 56, 59, 64, 68, 69, 70, 72, 73, 74, 76, 77, 78, 79, 80, 81, 83, 85, 88, 115, 116, 117, 118, 120, 121, 122, 124, 131, 132, 133, 134, 136, 137, 138, 213, 234, 235, 237, 241, 250], "summary": {"covered_lines": 50, "num_statements": 84, "percent_covered": 59.523809523809526, "percent_covered_display": "60", "missing_lines": 34, "excluded_lines": 0, "percent_statements_covered": 59.523809523809526, "percent_statements_covered_display": "60"}, "missing_lines": [125, 126, 155, 156, 157, 158, 160, 161, 162, 163, 164, 166, 167, 168, 170, 171, 172, 173, 174, 176, 177, 178, 180, 181, 183, 184, 186, 187, 189, 190, 191, 192, 193, 195], "excluded_lines": [], "start_line": 1}}}}, "totals": {"covered_lines": 611, "num_statements": 659, "percent_covered": 92.71623672230652, "percent_covered_display": "93", "missing_lines": 48, "excluded_lines": 0, "percent_statements_covered": 92.71623672230652, "percent_statements_covered_display": "93"}}